CRITICAL - 2023-04-15 01:51:30 --> The framework needs the following extension(s) installed and loaded: intl.
in SYSTEMPATH\CodeIgniter.php on line 226.
 1 SYSTEMPATH\CodeIgniter.php(226): CodeIgniter\Exceptions\FrameworkException::forMissingExtension('intl')
 2 SYSTEMPATH\CodeIgniter.php(190): CodeIgniter\CodeIgniter->resolvePlatformExtensions()
 3 ROOTPATH\spark(83): CodeIgniter\CodeIgniter->initialize()
CRITICAL - 2023-04-15 00:02:12 --> Undefined constant "tite"
in APPPATH\Views\welcome_message.php on line 228.
 1 SYSTEMPATH\View\View.php(213): include()
 2 SYSTEMPATH\View\View.php(216): CodeIgniter\View\View->CodeIgniter\View\{closure}()
 3 SYSTEMPATH\Common.php(1184): CodeIgniter\View\View->render('welcome_message', [], true)
 4 APPPATH\Controllers\RoutesGetActivity.php(9): view('welcome_message')
 5 SYSTEMPATH\CodeIgniter.php(934): App\Controllers\RoutesGetActivity->index()
 6 SYSTEMPATH\CodeIgniter.php(499): CodeIgniter\CodeIgniter->runController(Object(App\Controllers\RoutesGetActivity))
 7 SYSTEMPATH\CodeIgniter.php(368): CodeIgniter\CodeIgniter->handleRequest(null, Object(Config\Cache), false)
 8 FCPATH\index.php(67): CodeIgniter\CodeIgniter->run()
 9 SYSTEMPATH\Commands\Server\rewrite.php(47): require_once('C:\\xampp\\htdocs\\codeigniter4-framework-e3821f9\\public\\index.php')
CRITICAL - 2023-04-15 00:21:39 --> Too few arguments to function App\Controllers\RoutesGetActivity::displayStudentInfo(), 0 passed in C:\xampp\htdocs\codeigniter4-framework-e3821f9\system\CodeIgniter.php on line 934 and exactly 2 expected
in APPPATH\Controllers\RoutesGetActivity.php on line 11.
 1 SYSTEMPATH\CodeIgniter.php(934): App\Controllers\RoutesGetActivity->displayStudentInfo()
 2 SYSTEMPATH\CodeIgniter.php(499): CodeIgniter\CodeIgniter->runController(Object(App\Controllers\RoutesGetActivity))
 3 SYSTEMPATH\CodeIgniter.php(368): CodeIgniter\CodeIgniter->handleRequest(null, Object(Config\Cache), false)
 4 FCPATH\index.php(67): CodeIgniter\CodeIgniter->run()
 5 SYSTEMPATH\Commands\Server\rewrite.php(47): require_once('C:\\xampp\\htdocs\\codeigniter4-framework-e3821f9\\public\\index.php')
CRITICAL - 2023-04-15 00:36:08 --> Unclosed '{' on line 12
in APPPATH\Controllers\RoutesGetActivity.php on line 24.
 1 SYSTEMPATH\Autoloader\Autoloader.php(289): CodeIgniter\Autoloader\Autoloader->includeFile('C:\\xampp\\htdocs\\codeigniter4-framework-e3821f9\\app\\Controllers\\RoutesGetActivity.php')
 2 SYSTEMPATH\Autoloader\Autoloader.php(267): CodeIgniter\Autoloader\Autoloader->loadInNamespace('App\\Controllers\\RoutesGetActivity')
 3 [internal function]: CodeIgniter\Autoloader\Autoloader->loadClass('App\\Controllers\\RoutesGetActivity')
 4 SYSTEMPATH\CodeIgniter.php(892): class_exists('\\App\\Controllers\\RoutesGetActivity', true)
 5 SYSTEMPATH\CodeIgniter.php(486): CodeIgniter\CodeIgniter->startController()
 6 SYSTEMPATH\CodeIgniter.php(368): CodeIgniter\CodeIgniter->handleRequest(null, Object(Config\Cache), false)
 7 FCPATH\index.php(67): CodeIgniter\CodeIgniter->run()
 8 SYSTEMPATH\Commands\Server\rewrite.php(47): require_once('C:\\xampp\\htdocs\\codeigniter4-framework-e3821f9\\public\\index.php')
CRITICAL - 2023-04-15 00:36:09 --> Unclosed '{' on line 12
in APPPATH\Controllers\RoutesGetActivity.php on line 24.
 1 SYSTEMPATH\Autoloader\Autoloader.php(289): CodeIgniter\Autoloader\Autoloader->includeFile('C:\\xampp\\htdocs\\codeigniter4-framework-e3821f9\\app\\Controllers\\RoutesGetActivity.php')
 2 SYSTEMPATH\Autoloader\Autoloader.php(267): CodeIgniter\Autoloader\Autoloader->loadInNamespace('App\\Controllers\\RoutesGetActivity')
 3 [internal function]: CodeIgniter\Autoloader\Autoloader->loadClass('App\\Controllers\\RoutesGetActivity')
 4 SYSTEMPATH\CodeIgniter.php(892): class_exists('\\App\\Controllers\\RoutesGetActivity', true)
 5 SYSTEMPATH\CodeIgniter.php(486): CodeIgniter\CodeIgniter->startController()
 6 SYSTEMPATH\CodeIgniter.php(368): CodeIgniter\CodeIgniter->handleRequest(null, Object(Config\Cache), false)
 7 FCPATH\index.php(67): CodeIgniter\CodeIgniter->run()
 8 SYSTEMPATH\Commands\Server\rewrite.php(47): require_once('C:\\xampp\\htdocs\\codeigniter4-framework-e3821f9\\public\\index.php')
